<?xml version="1.0" encoding="UTF-8"?>
<!-- Generated by org.testng.reporters.JUnitReportReporter -->
<testsuite hostname="ACSIPL-54" failures="0" tests="1" name="rana_selen.Counting_items_listbox" time="22.511" errors="0" timestamp="2023-01-06T16:44:37 IST" skipped="0">
  <testcase classname="rana_selen.Counting_items_listbox" name="Test1" time="22.511"/>
  <system-out/>
</testsuite> <!-- rana_selen.Counting_items_listbox -->
