<?xml version="1.0" encoding="UTF-8"?>
<!-- Generated by org.testng.reporters.JUnitReportReporter -->
<testsuite hostname="ACSIPL-54" failures="0" tests="1" name="rana_selen.Expected_tittle_actual_tittle" time="14.543" errors="0" timestamp="2023-01-06T13:43:43 IST" skipped="0">
  <testcase classname="rana_selen.Expected_tittle_actual_tittle" name="Test2" time="14.543"/>
  <system-out/>
</testsuite> <!-- rana_selen.Expected_tittle_actual_tittle -->
