<?xml version="1.0" encoding="UTF-8"?>
<!-- Generated by org.testng.reporters.JUnitReportReporter -->
<testsuite hostname="ACSIPL-06" failures="0" tests="1" name="com.cps.OrangeHRM.Demo1DeleteUser" time="0.573" errors="0" timestamp="2023-07-11T16:38:37 IST" skipped="0">
  <testcase classname="com.cps.OrangeHRM.Demo1DeleteUser" name="deleteCustomer" time="0.573"/>
  <system-out>
    <![CDATA[Successfully deleted---priority=non]]>
  </system-out>
</testsuite> <!-- com.cps.OrangeHRM.Demo1DeleteUser -->
