<?xml version="1.0" encoding="UTF-8"?>
<!-- Generated by org.testng.reporters.JUnitReportReporter -->
<testsuite hostname="ACSIPL-06" failures="0" tests="1" name="com.cps.OrangeHRM.Demo3" time="2.455" errors="0" timestamp="2023-03-07T17:09:24 IST" skipped="0">
  <testcase classname="com.cps.OrangeHRM.Demo3" name="addUser" time="2.455"/>
  <system-out>
    <![CDATA[Successfully added  User----priority=0]]>
  </system-out>
</testsuite> <!-- com.cps.OrangeHRM.Demo3 -->
