<?xml version="1.0" encoding="UTF-8"?>
<!-- Generated by org.testng.reporters.JUnitReportReporter -->
<testsuite hostname="ACSIPL-06" failures="0" tests="1" name="com.moduleName.OrangeHRM.Demo2EditUser" time="3.134" errors="0" timestamp="2023-07-11T16:56:21 IST" skipped="0">
  <testcase classname="com.moduleName.OrangeHRM.Demo2EditUser" name="editGeneralInfo" time="3.134"/>
  <system-out>
    <![CDATA[Successfully Edited--priority=1]]>
  </system-out>
</testsuite> <!-- com.moduleName.OrangeHRM.Demo2EditUser -->
