<?xml version="1.0" encoding="UTF-8"?>
<!-- Generated by org.testng.reporters.JUnitReportReporter -->
<testsuite hostname="ACSIPL-54" failures="0" tests="1" name="trial.NewTest" time="0.009" errors="0" timestamp="2023-01-06T10:49:16 IST" skipped="0">
  <testcase classname="trial.NewTest" name="f" time="0.009"/>
  <system-out/>
</testsuite> <!-- trial.NewTest -->
