<?xml version="1.0" encoding="UTF-8"?>
<!-- Generated by org.testng.reporters.JUnitReportReporter -->
<testsuite hostname="ACSIPL-54" failures="0" tests="1" name="day_1.day_1" time="0.002" errors="0" timestamp="2023-01-06T10:49:16 IST" skipped="0">
  <testcase classname="day_1.day_1" name="Demo" time="0.002"/>
  <system-out/>
</testsuite> <!-- day_1.day_1 -->
