<?xml version="1.0" encoding="UTF-8"?>
<!-- Generated by org.testng.reporters.JUnitReportReporter -->
<testsuite hostname="ACSIPL-54" failures="0" tests="6" name="files.DynamicJson_Multpledata" time="5.534" errors="0" timestamp="2024-04-24T12:12:18 IST" skipped="0">
  <testcase classname="files.DynamicJson_Multpledata" name="addBooks" time="0.853"/>
  <system-out/>
  <testcase classname="files.DynamicJson_Multpledata" name="addBooks" time="1.338"/>
  <system-out/>
  <testcase classname="files.DynamicJson_Multpledata" name="deleteBooks" time="0.273"/>
  <system-out/>
  <testcase classname="files.DynamicJson_Multpledata" name="addBooks" time="2.528"/>
  <system-out/>
  <testcase classname="files.DynamicJson_Multpledata" name="deleteBooks" time="0.261"/>
  <system-out/>
  <testcase classname="files.DynamicJson_Multpledata" name="deleteBooks" time="0.281"/>
  <system-out/>
</testsuite> <!-- files.DynamicJson_Multpledata -->
