<?xml version="1.0" encoding="UTF-8"?>
<!-- Generated by org.testng.reporters.JUnitReportReporter -->
<testsuite hostname="ACSIPL-54" failures="0" tests="1" name="files.DynamicJson" time="2.493" errors="0" timestamp="2024-04-24T12:12:30 IST" skipped="0">
  <testcase classname="files.DynamicJson" name="addBook" time="2.493"/>
  <system-out/>
</testsuite> <!-- files.DynamicJson -->
