<?xml version="1.0" encoding="UTF-8"?>
<!-- Generated by org.testng.reporters.JUnitReportReporter -->
<testsuite hostname="ACSIPL-06" failures="0" tests="1" name="com.cmd.createOrganization.FirstTestCase" time="0.374" errors="0" timestamp="2023-01-23T15:33:48 IST" skipped="0">
  <testcase classname="com.cmd.createOrganization.FirstTestCase" name="addProvider" time="0.374"/>
  <system-out/>
</testsuite> <!-- com.cmd.createOrganization.FirstTestCase -->
