<?xml version="1.0" encoding="UTF-8"?>
<!-- Generated by org.testng.reporters.JUnitReportReporter -->
<testsuite hostname="ACSIPL-54" failures="0" tests="1" name="com.cmd.V.SmokeTC_05" time="7.996" errors="0" timestamp="2023-06-28T12:40:33 IST" skipped="0">
  <testcase classname="com.cmd.V.SmokeTC_05" name="cmsImportP" time="7.996"/>
  <system-out>
    <![CDATA[Successfully NPI Send]]>
  </system-out>
</testsuite> <!-- com.cmd.V.SmokeTC_05 -->
