<?xml version="1.0" encoding="UTF-8"?>
<!-- Generated by org.testng.reporters.JUnitReportReporter -->
<testsuite hostname="DESKTOP-2T3JQGJ" failures="0" tests="1" name="com.cmd.Vikram.SmokeTC_02" time="38.389" errors="0" timestamp="2023-06-12T10:46:42 IST" skipped="0">
  <testcase classname="com.cmd.Vikram.SmokeTC_02" name="addlLocation" time="38.389"/>
  <system-out>
    <![CDATA[Successfully added location]]>
  </system-out>
</testsuite> <!-- com.cmd.Vikram.SmokeTC_02 -->
