<?xml version="1.0" encoding="UTF-8"?>
<!-- Generated by org.testng.reporters.JUnitReportReporter -->
<testsuite hostname="DESKTOP-2T3JQGJ" failures="0" tests="1" name="com.cmd.Rana.Payer_Setting" time="50.271" errors="0" timestamp="2023-06-12T12:30:40 IST" skipped="0">
  <testcase classname="com.cmd.Rana.Payer_Setting" name="payerSetting" time="50.271"/>
  <system-out/>
</testsuite> <!-- com.cmd.Rana.Payer_Setting -->
