<?xml version="1.0" encoding="UTF-8"?>
<!-- Generated by org.testng.reporters.JUnitReportReporter -->
<testsuite hostname="DESKTOP-2T3JQGJ" failures="0" tests="1" name="com.cmd.Rana.Add_user" time="20.503" errors="0" timestamp="2023-06-12T12:25:54 IST" skipped="0">
  <testcase classname="com.cmd.Rana.Add_user" name="addUser" time="20.503"/>
  <system-out>
    <![CDATA[Successfully add user]]>
  </system-out>
</testsuite> <!-- com.cmd.Rana.Add_user -->
