<?xml version="1.0" encoding="UTF-8"?>
<!-- Generated by org.testng.reporters.JUnitReportReporter -->
<testsuite hostname="ACSIPL-54" failures="0" tests="1" name="com.cmd.R.Add_Note" time="30.477" errors="0" timestamp="2023-07-10T16:40:29 IST" skipped="0">
  <testcase classname="com.cmd.R.Add_Note" name="addNote" time="30.477"/>
  <system-out>
    <![CDATA[Successfully added note]]>
  </system-out>
</testsuite> <!-- com.cmd.R.Add_Note -->
