<?xml version="1.0" encoding="UTF-8"?>
<!-- Generated by org.testng.reporters.JUnitReportReporter -->
<testsuite hostname="ACSIPL-06" failures="0" tests="1" name="com.cmd.CreateTask.Practice2" time="16.368" errors="0" timestamp="2023-02-07T16:47:12 IST" skipped="0">
  <testcase classname="com.cmd.CreateTask.Practice2" name="dropdowns" time="16.368"/>
  <system-out/>
</testsuite> <!-- com.cmd.CreateTask.Practice2 -->
