<?xml version="1.0" encoding="UTF-8"?>
<!-- Generated by org.testng.reporters.JUnitReportReporter -->
<testsuite hostname="ACSIPL-06" failures="0" tests="1" name="com.cmd.ManageTinLocation.manageTinLocation_TC_05" time="7.886" errors="0" timestamp="2023-02-13T17:14:44 IST" skipped="0">
  <testcase classname="com.cmd.ManageTinLocation.manageTinLocation_TC_05" name="addlLocation" time="7.886"/>
  <system-out>
    <![CDATA[Successfully created]]>
  </system-out>
</testsuite> <!-- com.cmd.ManageTinLocation.manageTinLocation_TC_05 -->
