<?xml version="1.0" encoding="UTF-8"?>
<!-- Generated by org.testng.reporters.JUnitReportReporter -->
<testsuite hostname="ACSIPL-54" failures="0" tests="1" name="com.cmd.Expirations.ExpirationWeekly" time="30.698" errors="0" timestamp="2023-07-12T11:08:11 IST" skipped="0">
  <testcase classname="com.cmd.Expirations.ExpirationWeekly" name="weeklyExpiration" time="30.698"/>
  <system-out/>
</testsuite> <!-- com.cmd.Expirations.ExpirationWeekly -->
