<?xml version="1.0" encoding="UTF-8"?>
<!-- Generated by org.testng.reporters.JUnitReportReporter -->
<testsuite hostname="DESKTOP-2T3JQGJ" failures="0" tests="1" name="com.cmd.Vikram.sm" time="2.541" errors="0" timestamp="2023-04-17T15:26:30 IST" skipped="0">
  <testcase classname="com.cmd.Vikram.sm" name="m1" time="2.541"/>
  <system-out/>
</testsuite> <!-- com.cmd.Vikram.sm -->
