<?xml version="1.0" encoding="UTF-8"?>
<!-- Generated by org.testng.reporters.JUnitReportReporter -->
<testsuite hostname="DESKTOP-2T3JQGJ" failures="0" tests="1" name="com.cmd.Rana.Expirations_mailSendnotify" time="29.232" errors="0" timestamp="2023-06-12T12:27:13 IST" skipped="0">
  <testcase classname="com.cmd.Rana.Expirations_mailSendnotify" name="sendMail" time="29.232"/>
  <system-out>
    <![CDATA[Successfully Mail Sent]]>
  </system-out>
</testsuite> <!-- com.cmd.Rana.Expirations_mailSendnotify -->
