<?xml version="1.0" encoding="UTF-8"?>
<!-- Generated by org.testng.reporters.JUnitReportReporter -->
<testsuite hostname="ACSIPL-54" failures="0" tests="1" name="com.cmd.Settings.Payer_Setting" time="51.566" errors="0" timestamp="2023-07-12T11:13:30 IST" skipped="0">
  <testcase classname="com.cmd.Settings.Payer_Setting" name="payerSetting" time="51.566"/>
  <system-out/>
</testsuite> <!-- com.cmd.Settings.Payer_Setting -->
