<?xml version="1.0" encoding="UTF-8"?>
<!-- Generated by org.testng.reporters.JUnitReportReporter -->
<testsuite hostname="ACSIPL-06" failures="0" tests="1" name="com.cmd.createTask.SecondTestCase" time="0.008" errors="0" timestamp="2023-01-23T16:43:15 IST" skipped="0">
  <testcase classname="com.cmd.createTask.SecondTestCase" name="k1" time="0.008"/>
  <system-out/>
</testsuite> <!-- com.cmd.createTask.SecondTestCase -->
