<?xml version="1.0" encoding="UTF-8"?>
<!-- Generated by org.testng.reporters.JUnitReportReporter -->
<testsuite hostname="DESKTOP-2T3JQGJ" failures="0" tests="1" name="com.cmd.Rana.Add_Note" time="29.373" errors="0" timestamp="2023-06-12T12:36:21 IST" skipped="0">
  <testcase classname="com.cmd.Rana.Add_Note" name="addNote" time="29.373"/>
  <system-out>
    <![CDATA[Successfully added note]]>
  </system-out>
</testsuite> <!-- com.cmd.Rana.Add_Note -->
