<?xml version="1.0" encoding="UTF-8"?>
<!-- Generated by org.testng.reporters.JUnitReportReporter -->
<testsuite hostname="ACSIPL-54" failures="0" tests="1" name="com.cmd.R.Add_user" time="25.555" errors="0" timestamp="2023-07-11T16:36:57 IST" skipped="0">
  <testcase classname="com.cmd.R.Add_user" name="addUser" time="25.555"/>
  <system-out>
    <![CDATA[Successfully add user]]>
  </system-out>
</testsuite> <!-- com.cmd.R.Add_user -->
