<?xml version="1.0" encoding="UTF-8"?>
<!-- Generated by org.testng.reporters.JUnitReportReporter -->
<testsuite hostname="ACSIPL-54" failures="0" tests="1" name="com.cmd.R.Payer_Setting" time="52.645" errors="0" timestamp="2023-07-10T18:15:51 IST" skipped="0">
  <testcase classname="com.cmd.R.Payer_Setting" name="payerSetting" time="52.645"/>
  <system-out/>
</testsuite> <!-- com.cmd.R.Payer_Setting -->
