<?xml version="1.0" encoding="UTF-8"?>
<!-- Generated by org.testng.reporters.JUnitReportReporter -->
<testsuite hostname="DESKTOP-2T3JQGJ" failures="0" tests="1" name="com.cmd.Rana.ExpirationWeekly" time="26.747" errors="0" timestamp="2023-06-12T12:28:13 IST" skipped="0">
  <testcase classname="com.cmd.Rana.ExpirationWeekly" name="weeklyExpiration" time="26.747"/>
  <system-out/>
</testsuite> <!-- com.cmd.Rana.ExpirationWeekly -->
