<?xml version="1.0" encoding="UTF-8"?>
<!-- Generated by org.testng.reporters.JUnitReportReporter -->
<testsuite hostname="DESKTOP-2T3JQGJ" failures="0" tests="1" name="com.cmd.Vikram.SmokeTC_12" time="22.662" errors="0" timestamp="2023-06-12T11:48:05 IST" skipped="0">
  <testcase classname="com.cmd.Vikram.SmokeTC_12" name="editNoteInPreDefSel" time="22.662"/>
  <system-out/>
</testsuite> <!-- com.cmd.Vikram.SmokeTC_12 -->
