<?xml version="1.0" encoding="UTF-8"?>
<!-- Generated by org.testng.reporters.JUnitReportReporter -->
<testsuite hostname="ACSIPL-54" failures="0" tests="1" name="com.cmd.Workflow.Sample" time="3.083" errors="0" timestamp="2023-07-18T18:04:32 IST" skipped="0">
  <testcase classname="com.cmd.Workflow.Sample" name="deleteNotetask" time="3.083"/>
  <system-out/>
</testsuite> <!-- com.cmd.Workflow.Sample -->
