<?xml version="1.0" encoding="UTF-8"?>
<!-- Generated by org.testng.reporters.JUnitReportReporter -->
<testsuite hostname="ACSIPL-54" failures="0" tests="1" name="com.cmd.R.ExpirationWeekly" time="26.765" errors="0" timestamp="2023-07-11T17:49:48 IST" skipped="0">
  <testcase classname="com.cmd.R.ExpirationWeekly" name="weeklyExpiration" time="26.765"/>
  <system-out/>
</testsuite> <!-- com.cmd.R.ExpirationWeekly -->
