<?xml version="1.0" encoding="UTF-8"?>
<!-- Generated by org.testng.reporters.JUnitReportReporter -->
<testsuite hostname="DESKTOP-2T3JQGJ" failures="0" tests="1" name="com.cmd.Vikram.SmokeTC_05" time="10.618" errors="0" timestamp="2023-06-12T11:00:25 IST" skipped="0">
  <testcase classname="com.cmd.Vikram.SmokeTC_05" name="cmsImportP" time="10.618"/>
  <system-out>
    <![CDATA[Successfully NPI Send]]>
  </system-out>
</testsuite> <!-- com.cmd.Vikram.SmokeTC_05 -->
