<?xml version="1.0" encoding="UTF-8"?>
<!-- Generated by org.testng.reporters.JUnitReportReporter -->
<testsuite hostname="ACSIPL-06" failures="0" tests="1" name="com.cmd.CreateTask.closeMultiple_TC_03" time="18.448" errors="0" timestamp="2023-02-09T11:48:52 IST" skipped="0">
  <testcase classname="com.cmd.CreateTask.closeMultiple_TC_03" name="closeMultipleAndVerify" time="18.448"/>
  <system-out/>
</testsuite> <!-- com.cmd.CreateTask.closeMultiple_TC_03 -->
