<?xml version="1.0" encoding="UTF-8"?>
<!-- Generated by org.testng.reporters.JUnitReportReporter -->
<testsuite hostname="DESKTOP-2T3JQGJ" failures="0" tests="1" name="com.cmd.Vikram.SmokeTC_04" time="39.844" errors="0" timestamp="2023-06-12T12:19:00 IST" skipped="0">
  <testcase classname="com.cmd.Vikram.SmokeTC_04" name="GenerateForm" time="39.844"/>
  <system-out>
    <![CDATA[Successfully Generated report]]>
  </system-out>
</testsuite> <!-- com.cmd.Vikram.SmokeTC_04 -->
