<?xml version="1.0" encoding="UTF-8"?>
<!-- Generated by org.testng.reporters.JUnitReportReporter -->
<testsuite hostname="DESKTOP-2T3JQGJ" failures="0" tests="1" name="com.cmd.P.closeMultiple_TC_03" time="25.908" errors="0" timestamp="2023-06-12T14:18:35 IST" skipped="0">
  <testcase classname="com.cmd.P.closeMultiple_TC_03" name="closeMultipleAndVerify" time="25.908"/>
  <system-out>
    <![CDATA[Successfully Closed]]>
  </system-out>
</testsuite> <!-- com.cmd.P.closeMultiple_TC_03 -->
