<?xml version="1.0" encoding="UTF-8"?>
<!-- Generated by org.testng.reporters.JUnitReportReporter -->
<testsuite hostname="DESKTOP-2T3JQGJ" failures="0" tests="1" name="com.cmd.Vikram.SmokeTC_06" time="24.004" errors="0" timestamp="2023-06-12T11:09:27 IST" skipped="0">
  <testcase classname="com.cmd.Vikram.SmokeTC_06" name="editTin" time="24.004"/>
  <system-out/>
</testsuite> <!-- com.cmd.Vikram.SmokeTC_06 -->
