<?xml version="1.0" encoding="UTF-8"?>
<!-- Generated by org.testng.reporters.JUnitReportReporter -->
<testsuite hostname="ACSIPL-06" failures="0" tests="1" name="com.cmd.CloseMultiple.closeMultiple_TC_03" time="12.978" errors="0" timestamp="2023-02-13T17:14:44 IST" skipped="0">
  <testcase classname="com.cmd.CloseMultiple.closeMultiple_TC_03" name="closeMultipleAndVerify" time="12.978"/>
  <system-out>
    <![CDATA[Successfully Closed]]>
  </system-out>
</testsuite> <!-- com.cmd.CloseMultiple.closeMultiple_TC_03 -->
