<?xml version="1.0" encoding="UTF-8"?>
<!-- Generated by org.testng.reporters.JUnitReportReporter -->
<testsuite hostname="ACSIPL-54" failures="0" tests="1" name="com.cmd.V.SmokeTC_07" time="32.360" errors="0" timestamp="2023-06-28T12:40:33 IST" skipped="0">
  <testcase classname="com.cmd.V.SmokeTC_07" name="editLocation" time="32.360"/>
  <system-out/>
</testsuite> <!-- com.cmd.V.SmokeTC_07 -->
