<?xml version="1.0" encoding="UTF-8"?>
<!-- Generated by org.testng.reporters.JUnitReportReporter -->
<testsuite hostname="ACSIPL-54" failures="0" tests="1" name="com.cmd.V.SmokeTC_02" time="38.621" errors="0" timestamp="2023-06-28T12:40:33 IST" skipped="0">
  <testcase classname="com.cmd.V.SmokeTC_02" name="addlLocation" time="38.621"/>
  <system-out>
    <![CDATA[Successfully added location]]>
  </system-out>
</testsuite> <!-- com.cmd.V.SmokeTC_02 -->
