<?xml version="1.0" encoding="UTF-8"?>
<!-- Generated by org.testng.reporters.JUnitReportReporter -->
<testsuite hostname="ACSIPL-54" failures="0" tests="1" name="com.cmd.V.SmokeTC_06" time="23.269" errors="0" timestamp="2023-06-28T12:40:33 IST" skipped="0">
  <testcase classname="com.cmd.V.SmokeTC_06" name="editTin" time="23.269"/>
  <system-out/>
</testsuite> <!-- com.cmd.V.SmokeTC_06 -->
