<?xml version="1.0" encoding="UTF-8"?>
<!-- Generated by org.testng.reporters.JUnitReportReporter -->
<testsuite hostname="DESKTOP-2T3JQGJ" failures="0" tests="1" name="com.cmd.prakash.closeMultiple_TC_03" time="24.995" errors="0" timestamp="2023-06-12T12:42:14 IST" skipped="0">
  <testcase classname="com.cmd.prakash.closeMultiple_TC_03" name="closeMultipleAndVerify" time="24.995"/>
  <system-out>
    <![CDATA[Successfully Closed]]>
  </system-out>
</testsuite> <!-- com.cmd.prakash.closeMultiple_TC_03 -->
