<?xml version="1.0" encoding="UTF-8"?>
<!-- Generated by org.testng.reporters.JUnitReportReporter -->
<testsuite hostname="DESKTOP-2T3JQGJ" failures="0" tests="1" name="com.cmd.prakash.createTask_TC_01" time="14.094" errors="0" timestamp="2023-06-12T12:38:14 IST" skipped="0">
  <testcase classname="com.cmd.prakash.createTask_TC_01" name="createTaskAndVerify" time="14.094"/>
  <system-out/>
</testsuite> <!-- com.cmd.prakash.createTask_TC_01 -->
