<?xml version="1.0" encoding="UTF-8"?>
<!-- Generated by org.testng.reporters.JUnitReportReporter -->
<testsuite hostname="DESKTOP-2T3JQGJ" failures="0" tests="1" name="com.cmd.Vikram.SmokeTC_03" time="67.698" errors="0" timestamp="2023-06-12T10:59:33 IST" skipped="0">
  <testcase classname="com.cmd.Vikram.SmokeTC_03" name="addProvider" time="67.698"/>
  <system-out>
    <![CDATA[Successfully added Provider]]>
  </system-out>
</testsuite> <!-- com.cmd.Vikram.SmokeTC_03 -->
