<?xml version="1.0" encoding="UTF-8"?>
<!-- Generated by org.testng.reporters.JUnitReportReporter -->
<testsuite hostname="DESKTOP-2T3JQGJ" failures="0" tests="1" name="com.cmd.Vikram.SmokeTC_10" time="35.549" errors="0" timestamp="2023-06-12T11:45:09 IST" skipped="0">
  <testcase classname="com.cmd.Vikram.SmokeTC_10" name="ProviderPortalUser1" time="35.549"/>
  <system-out/>
</testsuite> <!-- com.cmd.Vikram.SmokeTC_10 -->
