<?xml version="1.0" encoding="UTF-8"?>
<!-- Generated by org.testng.reporters.JUnitReportReporter -->
<testsuite hostname="ACSIPL-06" failures="0" tests="3" name="com.cmd.CreateTask.createNote_TC_02" time="28.219" errors="0" timestamp="2023-02-09T11:29:04 IST" skipped="2">
  <testcase classname="com.cmd.CreateTask.createNote_TC_02" name="createNoteAndVerify" time="10.473">
    <skipped/>
  </testcase> <!-- createNoteAndVerify -->
  <system-out/>
  <testcase classname="com.cmd.CreateTask.createNote_TC_02" name="createNoteAndVerify" time="7.537"/>
  <system-out/>
  <testcase classname="com.cmd.CreateTask.createNote_TC_02" name="createNoteAndVerify" time="10.209">
    <skipped/>
  </testcase> <!-- createNoteAndVerify -->
  <system-out/>
</testsuite> <!-- com.cmd.CreateTask.createNote_TC_02 -->
