<?xml version="1.0" encoding="UTF-8"?>
<!-- Generated by org.testng.reporters.JUnitReportReporter -->
<testsuite hostname="ACSIPL-06" failures="0" tests="1" name="com.cps.OrangeHRM.Demo1" time="2.303" errors="0" timestamp="2023-03-07T17:09:24 IST" skipped="0">
  <testcase classname="com.cps.OrangeHRM.Demo1" name="createCustomer" time="2.303"/>
  <system-out>
    <![CDATA[Successfully deleted---priority=1]]>
  </system-out>
</testsuite> <!-- com.cps.OrangeHRM.Demo1 -->
