<?xml version="1.0" encoding="UTF-8"?>
<!-- Generated by org.testng.reporters.JUnitReportReporter -->
<testsuite hostname="ACSIPL-06" failures="0" tests="1" name="com.cps.OrangeHRM.Demo2" time="4.049" errors="0" timestamp="2023-03-07T17:09:24 IST" skipped="0">
  <testcase classname="com.cps.OrangeHRM.Demo2" name="editGeneralInfo" time="4.049"/>
  <system-out>
    <![CDATA[Successfully Edited--priority=2]]>
  </system-out>
</testsuite> <!-- com.cps.OrangeHRM.Demo2 -->
