<?xml version="1.0" encoding="UTF-8"?>
<!-- Generated by org.testng.reporters.JUnitReportReporter -->
<testsuite hostname="ACSIPL-06" failures="0" tests="1" name="com.cps.OrangeHRM.New_User_OrangeHrm" time="4.848" errors="0" timestamp="2023-03-13T14:24:28 IST" skipped="0">
  <testcase classname="com.cps.OrangeHRM.New_User_OrangeHrm" name="create_User" time="4.848"/>
  <system-out>
    <![CDATA[Successfully created User----priority=0]]>
  </system-out>
</testsuite> <!-- com.cps.OrangeHRM.New_User_OrangeHrm -->
