<?xml version="1.0" encoding="UTF-8"?>
<!-- Generated by org.testng.reporters.JUnitReportReporter -->
<testsuite hostname="ACSIPL-06" failures="0" tests="1" name="com.cps.OrangeHRM.Demo2EditUser" time="3.723" errors="0" timestamp="2023-03-10T13:08:53 IST" skipped="0">
  <testcase classname="com.cps.OrangeHRM.Demo2EditUser" name="editGeneralInfo" time="3.723"/>
  <system-out>
    <![CDATA[Successfully Edited--priority=1]]>
  </system-out>
</testsuite> <!-- com.cps.OrangeHRM.Demo2EditUser -->
