<?xml version="1.0" encoding="UTF-8"?>
<!-- Generated by org.testng.reporters.JUnitReportReporter -->
<testsuite hostname="ACSIPL-06" failures="0" tests="1" name="com.cps.OrangeHRM.Demo1DeleteUser" time="2.109" errors="0" timestamp="2023-03-10T12:29:53 IST" skipped="0">
  <testcase classname="com.cps.OrangeHRM.Demo1DeleteUser" name="deleteCustomer" time="2.109"/>
  <system-out>
    <![CDATA[Successfully deleted---priority=non]]>
  </system-out>
</testsuite> <!-- com.cps.OrangeHRM.Demo1DeleteUser -->
